-------------------------------------------------------------------------------
Test set: com.example.mobileacitonProject.MobileacitonProjectApplicationTests
-------------------------------------------------------------------------------
Tests run: 1, Failures: 0, Errors: 1, Skipped: 0, Time elapsed: 10.733 s <<< FAILURE! - in com.example.mobileacitonProject.MobileacitonProjectApplicationTests
contextLoads  Time elapsed: 0.032 s  <<< ERROR!
java.lang.IllegalStateException: Failed to load ApplicationContext
Caused by: org.springframework.beans.factory.UnsatisfiedDependencyException: Error creating bean with name 'commentsController' defined in file [C:\IntelliJ IDEA Community Edition 2020.2.3\Projects\mobileacitonProject\target\classes\com\example\mobileacitonProject\controller\CommentsController.class]: Unsatisfied dependency expressed through constructor parameter 0; nested exception is org.springframework.beans.factory.UnsatisfiedDependencyException: Error creating bean with name 'commentService' defined in file [C:\IntelliJ IDEA Community Edition 2020.2.3\Projects\mobileacitonProject\target\classes\com\example\mobileacitonProject\service\CommentService.class]: Unsatisfied dependency expressed through constructor parameter 0; nested exception is org.springframework.beans.factory.BeanCreationException: Error creating bean with name 'commentsRepository' defined in com.example.mobileacitonProject.repository.CommentsRepository defined in @EnableJpaRepositories declared on JpaRepositoriesRegistrar.EnableJpaRepositoriesConfiguration: Invocation of init method failed; nested exception is org.springframework.data.repository.query.QueryCreationException: Could not create query for public abstract java.util.List com.example.mobileacitonProject.repository.CommentsRepository.findByUserId(java.lang.Long)! Reason: Failed to create query for method public abstract java.util.List com.example.mobileacitonProject.repository.CommentsRepository.findByUserId(java.lang.Long)! No property 'id' found for type 'Users'! Traversed path: Comment.user.; nested exception is java.lang.IllegalArgumentException: Failed to create query for method public abstract java.util.List com.example.mobileacitonProject.repository.CommentsRepository.findByUserId(java.lang.Long)! No property 'id' found for type 'Users'! Traversed path: Comment.user.
Caused by: org.springframework.beans.factory.UnsatisfiedDependencyException: Error creating bean with name 'commentService' defined in file [C:\IntelliJ IDEA Community Edition 2020.2.3\Projects\mobileacitonProject\target\classes\com\example\mobileacitonProject\service\CommentService.class]: Unsatisfied dependency expressed through constructor parameter 0; nested exception is org.springframework.beans.factory.BeanCreationException: Error creating bean with name 'commentsRepository' defined in com.example.mobileacitonProject.repository.CommentsRepository defined in @EnableJpaRepositories declared on JpaRepositoriesRegistrar.EnableJpaRepositoriesConfiguration: Invocation of init method failed; nested exception is org.springframework.data.repository.query.QueryCreationException: Could not create query for public abstract java.util.List com.example.mobileacitonProject.repository.CommentsRepository.findByUserId(java.lang.Long)! Reason: Failed to create query for method public abstract java.util.List com.example.mobileacitonProject.repository.CommentsRepository.findByUserId(java.lang.Long)! No property 'id' found for type 'Users'! Traversed path: Comment.user.; nested exception is java.lang.IllegalArgumentException: Failed to create query for method public abstract java.util.List com.example.mobileacitonProject.repository.CommentsRepository.findByUserId(java.lang.Long)! No property 'id' found for type 'Users'! Traversed path: Comment.user.
Caused by: org.springframework.beans.factory.BeanCreationException: Error creating bean with name 'commentsRepository' defined in com.example.mobileacitonProject.repository.CommentsRepository defined in @EnableJpaRepositories declared on JpaRepositoriesRegistrar.EnableJpaRepositoriesConfiguration: Invocation of init method failed; nested exception is org.springframework.data.repository.query.QueryCreationException: Could not create query for public abstract java.util.List com.example.mobileacitonProject.repository.CommentsRepository.findByUserId(java.lang.Long)! Reason: Failed to create query for method public abstract java.util.List com.example.mobileacitonProject.repository.CommentsRepository.findByUserId(java.lang.Long)! No property 'id' found for type 'Users'! Traversed path: Comment.user.; nested exception is java.lang.IllegalArgumentException: Failed to create query for method public abstract java.util.List com.example.mobileacitonProject.repository.CommentsRepository.findByUserId(java.lang.Long)! No property 'id' found for type 'Users'! Traversed path: Comment.user.
Caused by: org.springframework.data.repository.query.QueryCreationException: Could not create query for public abstract java.util.List com.example.mobileacitonProject.repository.CommentsRepository.findByUserId(java.lang.Long)! Reason: Failed to create query for method public abstract java.util.List com.example.mobileacitonProject.repository.CommentsRepository.findByUserId(java.lang.Long)! No property 'id' found for type 'Users'! Traversed path: Comment.user.; nested exception is java.lang.IllegalArgumentException: Failed to create query for method public abstract java.util.List com.example.mobileacitonProject.repository.CommentsRepository.findByUserId(java.lang.Long)! No property 'id' found for type 'Users'! Traversed path: Comment.user.
Caused by: java.lang.IllegalArgumentException: Failed to create query for method public abstract java.util.List com.example.mobileacitonProject.repository.CommentsRepository.findByUserId(java.lang.Long)! No property 'id' found for type 'Users'! Traversed path: Comment.user.
Caused by: org.springframework.data.mapping.PropertyReferenceException: No property 'id' found for type 'Users'! Traversed path: Comment.user.

